2021-05-13 10:30:06,617 INFO  MainWindow::MainWindow(QWidget*) - "System Version:V1.0.0_EmptySDKV1.0.0_SVN0000_VideoSDKV2.0.0_SVN6906_/home/liuyong/EmptyBoxClient/build-EmptyBoxClient-Desktop_Qt_5_12_6_GCC_64bit-Debug"
2021-05-13 10:30:06,618 INFO  int DetectEmptyBoxSer::Init() - "VideoProcessSer Init[0]->USB-Camera,,640,480,,version:2.0.0"
2021-05-13 10:30:06,630 ERROR int VideoProcessSer::OnStartVideo() - stoi
2021-05-13 10:30:06,630 ERROR int DetectEmptyBoxSer::Init() - "USB-Camera,,640,480, res:-1"
2021-05-13 10:30:06,630 ERROR MainWindow::MainWindow(QWidget*) - "DetectEmptyBoxSer res:-1"
2021-05-13 10:30:06,632 INFO  MainWindow::MainWindow(QWidget*) - "HttpClientSer res:0"
2021-05-13 10:30:06,633 INFO  MainWindow::MainWindow(QWidget*) - "HttpServerSer res:0"
2021-05-13 10:32:42,367 INFO  MainWindow::MainWindow(QWidget*) - "System Version:V1.0.0_EmptySDKV1.0.0_SVN0000_VideoSDKV2.0.0_SVN6906_/home/liuyong/EmptyBoxClient/build-EmptyBoxClient-Desktop_Qt_5_12_6_GCC_64bit-Debug"
2021-05-13 10:32:42,367 INFO  int DetectEmptyBoxSer::Init() - "VideoProcessSer Init[0]->USB-Camera,0,640,480,15,version:2.0.0"
2021-05-13 10:32:42,581 INFO  int VideoProcessSer::OnStartVideo() - "video decode start success，fileName-USB-Camera,0,640,480,15,ID-1"
2021-05-13 10:32:42,581 INFO  MainWindow::MainWindow(QWidget*) - "DetectEmptyBoxSer res:0,version:V1.0.0"
2021-05-13 10:32:42,583 INFO  MainWindow::MainWindow(QWidget*) - "HttpClientSer res:0"
2021-05-13 10:32:42,583 INFO  MainWindow::MainWindow(QWidget*) - "HttpServerSer res:0"
2021-05-13 10:32:42,709 WARN   - QObject::connect: Cannot queue arguments of type 'DevStatDisplay'
(Make sure 'DevStatDisplay' is registered using qRegisterMetaType().)
2021-05-13 10:38:08,005 INFO  MainWindow::MainWindow(QWidget*) - "System Version:V1.0.0_EmptySDKV1.0.0_SVN0000_VideoSDKV2.0.0_SVN6906_/home/liuyong/EmptyBoxClient/build-EmptyBoxClient-Desktop_Qt_5_12_6_GCC_64bit-Debug"
2021-05-13 10:38:08,005 INFO  int DetectEmptyBoxSer::Init() - "VideoProcessSer Init[0]->USB-Camera,0,640,480,15,version:2.0.0"
2021-05-13 10:38:08,124 INFO  int VideoProcessSer::OnStartVideo() - "video decode start success，fileName-USB-Camera,0,640,480,15,ID-1"
2021-05-13 10:38:08,124 INFO  MainWindow::MainWindow(QWidget*) - "DetectEmptyBoxSer res:0,version:V1.0.0"
2021-05-13 10:38:08,126 INFO  MainWindow::MainWindow(QWidget*) - "HttpClientSer res:0"
2021-05-13 10:38:08,126 INFO  MainWindow::MainWindow(QWidget*) - "HttpServerSer res:0"
2021-05-13 10:38:08,248 WARN   - QObject::connect: Cannot queue arguments of type 'DevStatDisplay'
(Make sure 'DevStatDisplay' is registered using qRegisterMetaType().)
2021-05-13 10:41:21,813 WARN   - QObject::connect: Cannot queue arguments of type 'DevStatDisplay'
(Make sure 'DevStatDisplay' is registered using qRegisterMetaType().)
2021-05-13 10:41:21,813 INFO  virtual void HttpServerSer::CommonRequstListen(const string&, const string&, std::__cxx11::string&) - "url /api/v1/airport/baggage/client,data {\n    \"data\": {\n    },\n    \"heartbeat\": 0,\n    \"reqId\": \"9ab37ce0f862481ebd1a7752de6d6660\"\n}\n"
2021-05-13 10:41:21,813 INFO  virtual void HttpServerSer::CommonRequstListen(const string&, const string&, std::__cxx11::string&) - "url /api/v1/airport/baggage/client,response {\n    \"content\": {\n    },\n    \"devicestatus\": -1,\n    \"heartbeat\": 0,\n    \"msg\": \"Bad Params\",\n    \"reqId\": \"\",\n    \"status\": 400\n}\n"
2021-05-13 10:41:45,623 INFO  virtual void HttpServerSer::CommonRequstListen(const string&, const string&, std::__cxx11::string&) - "url /api/v1/airport/baggage/client,data {\n  \"reqId\": \"3bB713ceCDfF3fB46BDFFE7a6Ed\",\n  \"heartbeat\": 0,\n  \"data\": {\n  \t\"seq\": 1,\n    \"type\": 8,\n    \"rfid\": \"1226\",\n    \"flag\": 1,\n    \"state\": -1,\n    \"datetime\": \"20200612172325567\",\n    \"weight\": \"00.00\",\n    \"mode\": -1\n  }\n}"
2021-05-13 10:41:45,623 INFO  virtual void HttpServerSer::CommonRequstListen(const string&, const string&, std::__cxx11::string&) - "url /api/v1/airport/baggage/client,response {\n    \"content\": {\n    },\n    \"devicestatus\": -1,\n    \"heartbeat\": 0,\n    \"msg\": \"Bad Params\",\n    \"reqId\": \"\",\n    \"status\": 400\n}\n"
2021-05-13 10:47:42,178 INFO  MainWindow::MainWindow(QWidget*) - "System Version:V1.0.0_EmptySDKV1.0.0_SVN0000_VideoSDKV2.0.0_SVN6906_/home/liuyong/EmptyBoxClient/build-EmptyBoxClient-Desktop_Qt_5_12_6_GCC_64bit-Debug"
2021-05-13 10:47:42,178 INFO  int DetectEmptyBoxSer::Init() - "VideoProcessSer Init[0]->USB-Camera,0,640,480,15,version:2.0.0"
2021-05-13 10:47:42,293 INFO  int VideoProcessSer::OnStartVideo() - "video decode start success，fileName-USB-Camera,0,640,480,15,ID-1"
2021-05-13 10:47:42,293 INFO  MainWindow::MainWindow(QWidget*) - "DetectEmptyBoxSer res:0,version:V1.0.0"
2021-05-13 10:47:42,296 INFO  MainWindow::MainWindow(QWidget*) - "HttpClientSer res:0"
2021-05-13 10:47:42,296 INFO  MainWindow::MainWindow(QWidget*) - "HttpServerSer res:0"
2021-05-13 10:47:42,434 WARN   - QObject::connect: Cannot queue arguments of type 'DevStatDisplay'
(Make sure 'DevStatDisplay' is registered using qRegisterMetaType().)
2021-05-13 16:43:43,503 INFO  MainWindow::MainWindow(QWidget*) - "System Version:V1.0.0_EmptySDKV1.0.0_SVN0000_VideoSDKV2.0.0_SVN6906_/home/liuyong/EmptyBoxClient/build-EmptyBoxClient-Desktop_Qt_5_12_6_GCC_64bit-Debug"
2021-05-13 16:43:43,503 INFO  int DetectEmptyBoxSer::Init() - "VideoProcessSer Init[0]->USB-Camera,0,640,480,15,version:2.0.0"
2021-05-13 16:43:43,620 INFO  int VideoProcessSer::OnStartVideo() - "video decode start success，fileName-USB-Camera,0,640,480,15,ID-1"
2021-05-13 16:43:43,620 INFO  MainWindow::MainWindow(QWidget*) - "DetectEmptyBoxSer res:0,version:V1.0.0"
2021-05-13 16:43:43,623 INFO  MainWindow::MainWindow(QWidget*) - "HttpClientSer res:0"
2021-05-13 16:43:43,624 INFO  MainWindow::MainWindow(QWidget*) - "HttpServerSer res:0"
2021-05-13 16:43:43,771 WARN   - QObject::connect: Cannot queue arguments of type 'DevStatDisplay'
(Make sure 'DevStatDisplay' is registered using qRegisterMetaType().)
2021-05-13 16:45:21,245 DEBUG virtual void HttpServerSer::CommonRequstListen(const string&, const string&, std::__cxx11::string&) - "url /api/v1/airport/baggage/client, strRequstBody {\n    \"data\": {\n    },\n    \"heartbeat\": 0,\n    \"reqId\": \"a9d2ef306e7d427f8c2d8a48d29b0118\"\n}\n"
2021-05-13 16:45:21,245 WARN   - QObject::connect: Cannot queue arguments of type 'DevStatDisplay'
(Make sure 'DevStatDisplay' is registered using qRegisterMetaType().)
2021-05-13 16:45:21,245 DEBUG virtual void HttpServerSer::CommonRequstListen(const string&, const string&, std::__cxx11::string&) - "url /api/v1/airport/baggage/client, strResponse {\n    \"data\": {\n    },\n    \"heartbeat\": 0,\n    \"msg\": \"Bad Params\",\n    \"reqId\": \"\",\n    \"status\": 400\n}\n"
2021-05-13 16:45:47,260 DEBUG virtual void HttpServerSer::CommonRequstListen(const string&, const string&, std::__cxx11::string&) - "url /api/v1/airport/baggage/client, strRequstBody {\n  \"reqId\": \"3bB713ceCDfF3fB46BDFFE7a6Ed\",\n  \"heartbeat\": 0,\n  \"data\": {\n  \t\"seq\": 1,\n    \"type\": 8,\n    \"rfid\": \"1226\",\n    \"flag\": 1,\n    \"state\": -1,\n    \"datetime\": \"20200612172325567\",\n    \"weight\": \"00.00\",\n    \"mode\": -1\n  }\n}"
2021-05-13 16:45:47,260 DEBUG virtual void HttpServerSer::CommonRequstListen(const string&, const string&, std::__cxx11::string&) - "url /api/v1/airport/baggage/client, strResponse {\n    \"data\": {\n    },\n    \"heartbeat\": 0,\n    \"msg\": \"Bad Params\",\n    \"reqId\": \"\",\n    \"status\": 400\n}\n"
2021-05-13 16:45:54,984 DEBUG virtual void HttpServerSer::CommonRequstListen(const string&, const string&, std::__cxx11::string&) - "url /api/v1/airport/baggage/client, strRequstBody {\n  \"reqId\": \"3bB713ceCDfF3fB46BDFFE7a6Ed\",\n  \"heartbeat\": 0,\n  \"data\": {\n  \t\"seq\": 1,\n    \"type\": 8,\n    \"rfid\": \"1226\",\n    \"flag\": 1,\n    \"state\": -1,\n    \"datetime\": \"20200612172325567\",\n    \"weight\": \"00.00\",\n    \"mode\": -1\n  }\n}"
2021-05-13 16:45:54,985 DEBUG virtual void HttpServerSer::CommonRequstListen(const string&, const string&, std::__cxx11::string&) - "url /api/v1/airport/baggage/client, strResponse {\n    \"data\": {\n    },\n    \"heartbeat\": 0,\n    \"msg\": \"Bad Params\",\n    \"reqId\": \"\",\n    \"status\": 400\n}\n"
2021-05-13 16:47:21,226 DEBUG virtual void HttpServerSer::CommonRequstListen(const string&, const string&, std::__cxx11::string&) - "url /api/v1/airport/baggage/client, strRequstBody {\n    \"data\": {\n    },\n    \"heartbeat\": 0,\n    \"reqId\": \"26f5e8a2aff243e28a65885940e3211b\"\n}\n"
2021-05-13 16:47:21,226 DEBUG virtual void HttpServerSer::CommonRequstListen(const string&, const string&, std::__cxx11::string&) - "url /api/v1/airport/baggage/client, strResponse {\n    \"data\": {\n    },\n    \"heartbeat\": 0,\n    \"msg\": \"Bad Params\",\n    \"reqId\": \"\",\n    \"status\": 400\n}\n"
2021-05-13 16:48:09,891 DEBUG virtual void HttpServerSer::CommonRequstListen(const string&, const string&, std::__cxx11::string&) - "url /api/v1/airport/baggage/client, strRequstBody {\n  \"reqId\": \"3bB713ceCDfF3fB46BDFFE7a6Ed\",\n  \"heartbeat\": 0,\n  \"data\": {\n  \t\"seq\": 1,\n    \"type\": 8,\n    \"rfid\": \"1226\",\n    \"flag\": 1,\n    \"state\": -1,\n    \"datetime\": \"20200612172325567\",\n    \"weight\": \"00.00\",\n    \"mode\": -1\n  }\n}"
2021-05-13 16:48:09,892 DEBUG virtual void HttpServerSer::CommonRequstListen(const string&, const string&, std::__cxx11::string&) - "url /api/v1/airport/baggage/client, strResponse {\n    \"data\": {\n    },\n    \"heartbeat\": 0,\n    \"msg\": \"Bad Params\",\n    \"reqId\": \"\",\n    \"status\": 400\n}\n"
2021-05-13 16:48:10,718 DEBUG virtual void HttpServerSer::CommonRequstListen(const string&, const string&, std::__cxx11::string&) - "url /api/v1/airport/baggage/client, strRequstBody {\n  \"reqId\": \"3bB713ceCDfF3fB46BDFFE7a6Ed\",\n  \"heartbeat\": 0,\n  \"data\": {\n  \t\"seq\": 1,\n    \"type\": 8,\n    \"rfid\": \"1226\",\n    \"flag\": 1,\n    \"state\": -1,\n    \"datetime\": \"20200612172325567\",\n    \"weight\": \"00.00\",\n    \"mode\": -1\n  }\n}"
2021-05-13 16:48:10,719 DEBUG virtual void HttpServerSer::CommonRequstListen(const string&, const string&, std::__cxx11::string&) - "url /api/v1/airport/baggage/client, strResponse {\n    \"data\": {\n    },\n    \"heartbeat\": 0,\n    \"msg\": \"Bad Params\",\n    \"reqId\": \"\",\n    \"status\": 400\n}\n"
2021-05-13 16:48:11,326 DEBUG virtual void HttpServerSer::CommonRequstListen(const string&, const string&, std::__cxx11::string&) - "url /api/v1/airport/baggage/client, strRequstBody {\n  \"reqId\": \"3bB713ceCDfF3fB46BDFFE7a6Ed\",\n  \"heartbeat\": 0,\n  \"data\": {\n  \t\"seq\": 1,\n    \"type\": 8,\n    \"rfid\": \"1226\",\n    \"flag\": 1,\n    \"state\": -1,\n    \"datetime\": \"20200612172325567\",\n    \"weight\": \"00.00\",\n    \"mode\": -1\n  }\n}"
2021-05-13 16:48:11,327 DEBUG virtual void HttpServerSer::CommonRequstListen(const string&, const string&, std::__cxx11::string&) - "url /api/v1/airport/baggage/client, strResponse {\n    \"data\": {\n    },\n    \"heartbeat\": 0,\n    \"msg\": \"Bad Params\",\n    \"reqId\": \"\",\n    \"status\": 400\n}\n"
2021-05-13 16:48:11,916 DEBUG virtual void HttpServerSer::CommonRequstListen(const string&, const string&, std::__cxx11::string&) - "url /api/v1/airport/baggage/client, strRequstBody {\n  \"reqId\": \"3bB713ceCDfF3fB46BDFFE7a6Ed\",\n  \"heartbeat\": 0,\n  \"data\": {\n  \t\"seq\": 1,\n    \"type\": 8,\n    \"rfid\": \"1226\",\n    \"flag\": 1,\n    \"state\": -1,\n    \"datetime\": \"20200612172325567\",\n    \"weight\": \"00.00\",\n    \"mode\": -1\n  }\n}"
2021-05-13 16:48:11,916 DEBUG virtual void HttpServerSer::CommonRequstListen(const string&, const string&, std::__cxx11::string&) - "url /api/v1/airport/baggage/client, strResponse {\n    \"data\": {\n    },\n    \"heartbeat\": 0,\n    \"msg\": \"Bad Params\",\n    \"reqId\": \"\",\n    \"status\": 400\n}\n"
2021-05-13 16:49:42,155 INFO  MainWindow::MainWindow(QWidget*) - "System Version:V1.0.0_EmptySDKV1.0.0_SVN0000_VideoSDKV2.0.0_SVN6906_/home/liuyong/EmptyBoxClient/build-EmptyBoxClient-Desktop_Qt_5_12_6_GCC_64bit-Debug"
2021-05-13 16:49:42,155 INFO  int DetectEmptyBoxSer::Init() - "VideoProcessSer Init[0]->USB-Camera,0,640,480,15,version:2.0.0"
2021-05-13 16:49:42,272 INFO  int VideoProcessSer::OnStartVideo() - "video decode start success，fileName-USB-Camera,0,640,480,15,ID-1"
2021-05-13 16:49:42,272 INFO  MainWindow::MainWindow(QWidget*) - "DetectEmptyBoxSer res:0,version:V1.0.0"
2021-05-13 16:49:42,276 INFO  MainWindow::MainWindow(QWidget*) - "HttpClientSer res:0"
2021-05-13 16:49:42,276 DEBUG HttpServerSer::HttpServerSer(QObject*) - m_serialmessageUrl:  ""
2021-05-13 16:49:42,277 INFO  MainWindow::MainWindow(QWidget*) - "HttpServerSer res:0"
2021-05-13 16:49:42,410 WARN   - QObject::connect: Cannot queue arguments of type 'DevStatDisplay'
(Make sure 'DevStatDisplay' is registered using qRegisterMetaType().)
2021-05-13 16:51:21,229 DEBUG virtual void HttpServerSer::CommonRequstListen(const string&, const string&, std::__cxx11::string&) - "url /api/v1/airport/baggage/client, strRequstBody {\n    \"data\": {\n    },\n    \"heartbeat\": 0,\n    \"reqId\": \"10cc52b9827e413b9939a6aa075dbe40\"\n}\n"
2021-05-13 16:51:21,229 WARN   - QObject::connect: Cannot queue arguments of type 'DevStatDisplay'
(Make sure 'DevStatDisplay' is registered using qRegisterMetaType().)
2021-05-13 16:51:21,229 DEBUG virtual void HttpServerSer::CommonRequstListen(const string&, const string&, std::__cxx11::string&) - "url /api/v1/airport/baggage/client, strResponse {\n    \"data\": {\n    },\n    \"heartbeat\": 0,\n    \"msg\": \"Bad Params\",\n    \"reqId\": \"\",\n    \"status\": 400\n}\n"
2021-05-13 16:52:32,227 DEBUG virtual void HttpServerSer::CommonRequstListen(const string&, const string&, std::__cxx11::string&) - "url /api/v1/airport/baggage/client, strRequstBody {\n  \"reqId\": \"3bB713ceCDfF3fB46BDFFE7a6Ed\",\n  \"heartbeat\": 0,\n  \"data\": {\n  \t\"seq\": 1,\n    \"type\": 8,\n    \"rfid\": \"1226\",\n    \"flag\": 1,\n    \"state\": -1,\n    \"datetime\": \"20200612172325567\",\n    \"weight\": \"00.00\",\n    \"mode\": -1\n  }\n}"
2021-05-13 16:52:32,227 DEBUG virtual void HttpServerSer::CommonRequstListen(const string&, const string&, std::__cxx11::string&) - "url /api/v1/airport/baggage/client, strResponse {\n    \"data\": {\n    },\n    \"heartbeat\": 0,\n    \"msg\": \"Bad Params\",\n    \"reqId\": \"\",\n    \"status\": 400\n}\n"
2021-05-13 16:52:32,924 DEBUG virtual void HttpServerSer::CommonRequstListen(const string&, const string&, std::__cxx11::string&) - "url /api/v1/airport/baggage/client, strRequstBody {\n  \"reqId\": \"3bB713ceCDfF3fB46BDFFE7a6Ed\",\n  \"heartbeat\": 0,\n  \"data\": {\n  \t\"seq\": 1,\n    \"type\": 8,\n    \"rfid\": \"1226\",\n    \"flag\": 1,\n    \"state\": -1,\n    \"datetime\": \"20200612172325567\",\n    \"weight\": \"00.00\",\n    \"mode\": -1\n  }\n}"
2021-05-13 16:52:32,924 DEBUG virtual void HttpServerSer::CommonRequstListen(const string&, const string&, std::__cxx11::string&) - "url /api/v1/airport/baggage/client, strResponse {\n    \"data\": {\n    },\n    \"heartbeat\": 0,\n    \"msg\": \"Bad Params\",\n    \"reqId\": \"\",\n    \"status\": 400\n}\n"
2021-05-13 16:53:21,233 DEBUG virtual void HttpServerSer::CommonRequstListen(const string&, const string&, std::__cxx11::string&) - "url /api/v1/airport/baggage/client, strRequstBody {\n    \"data\": {\n    },\n    \"heartbeat\": 0,\n    \"reqId\": \"f9fcd91d080b4fb1a987dd69f6804674\"\n}\n"
2021-05-13 16:53:21,233 DEBUG virtual void HttpServerSer::CommonRequstListen(const string&, const string&, std::__cxx11::string&) - "url /api/v1/airport/baggage/client, strResponse {\n    \"data\": {\n    },\n    \"heartbeat\": 0,\n    \"msg\": \"Bad Params\",\n    \"reqId\": \"\",\n    \"status\": 400\n}\n"
2021-05-13 16:54:03,307 INFO  MainWindow::MainWindow(QWidget*) - "System Version:V1.0.0_EmptySDKV1.0.0_SVN0000_VideoSDKV2.0.0_SVN6906_/home/liuyong/EmptyBoxClient/build-EmptyBoxClient-Desktop_Qt_5_12_6_GCC_64bit-Debug"
2021-05-13 16:54:03,307 INFO  int DetectEmptyBoxSer::Init() - "VideoProcessSer Init[0]->USB-Camera,0,640,480,15,version:2.0.0"
2021-05-13 16:54:03,421 INFO  int VideoProcessSer::OnStartVideo() - "video decode start success，fileName-USB-Camera,0,640,480,15,ID-1"
2021-05-13 16:54:03,421 INFO  MainWindow::MainWindow(QWidget*) - "DetectEmptyBoxSer res:0,version:V1.0.0"
2021-05-13 16:54:03,425 INFO  MainWindow::MainWindow(QWidget*) - "HttpClientSer res:0"
2021-05-13 16:54:03,425 DEBUG HttpServerSer::HttpServerSer(QObject*) - m_serialmessageUrl:  "/api/v1/airport/baggage/client"
2021-05-13 16:54:03,427 INFO  MainWindow::MainWindow(QWidget*) - "HttpServerSer res:0"
2021-05-13 16:54:03,571 WARN   - QObject::connect: Cannot queue arguments of type 'DevStatDisplay'
(Make sure 'DevStatDisplay' is registered using qRegisterMetaType().)
2021-05-13 16:54:33,467 DEBUG virtual void HttpServerSer::CommonRequstListen(const string&, const string&, std::__cxx11::string&) - "url /api/v1/airport/baggage/client, strRequstBody {\n  \"reqId\": \"3bB713ceCDfF3fB46BDFFE7a6Ed\",\n  \"heartbeat\": 0,\n  \"data\": {\n  \t\"seq\": 1,\n    \"type\": 8,\n    \"rfid\": \"1226\",\n    \"flag\": 1,\n    \"state\": -1,\n    \"datetime\": \"20200612172325567\",\n    \"weight\": \"00.00\",\n    \"mode\": -1\n  }\n}"
2021-05-13 16:54:33,467 WARN   - QObject::connect: Cannot queue arguments of type 'DevStatDisplay'
(Make sure 'DevStatDisplay' is registered using qRegisterMetaType().)
2021-05-13 16:54:33,467 DEBUG virtual void HttpServerSer::CommonRequstListen(const string&, const string&, std::__cxx11::string&) - "url /api/v1/airport/baggage/client, strResponse {\n    \"data\": {\n    },\n    \"heartbeat\": 0,\n    \"msg\": \"Success\",\n    \"reqId\": \"3bB713ceCDfF3fB46BDFFE7a6Ed\",\n    \"status\": 0\n}\n"
2021-05-13 16:54:34,890 DEBUG virtual void HttpServerSer::CommonRequstListen(const string&, const string&, std::__cxx11::string&) - "url /api/v1/airport/baggage/client, strRequstBody {\n  \"reqId\": \"3bB713ceCDfF3fB46BDFFE7a6Ed\",\n  \"heartbeat\": 0,\n  \"data\": {\n  \t\"seq\": 1,\n    \"type\": 8,\n    \"rfid\": \"1226\",\n    \"flag\": 1,\n    \"state\": -1,\n    \"datetime\": \"20200612172325567\",\n    \"weight\": \"00.00\",\n    \"mode\": -1\n  }\n}"
2021-05-13 16:54:34,890 DEBUG virtual void HttpServerSer::CommonRequstListen(const string&, const string&, std::__cxx11::string&) - "url /api/v1/airport/baggage/client, strResponse {\n    \"data\": {\n    },\n    \"heartbeat\": 0,\n    \"msg\": \"Success\",\n    \"reqId\": \"3bB713ceCDfF3fB46BDFFE7a6Ed\",\n    \"status\": 0\n}\n"
2021-05-13 16:55:21,224 DEBUG virtual void HttpServerSer::CommonRequstListen(const string&, const string&, std::__cxx11::string&) - "url /api/v1/airport/baggage/client, strRequstBody {\n    \"data\": {\n    },\n    \"heartbeat\": 0,\n    \"reqId\": \"aa1aadd5da1e439693078c2c9187989a\"\n}\n"
2021-05-13 16:55:21,224 DEBUG virtual void HttpServerSer::CommonRequstListen(const string&, const string&, std::__cxx11::string&) - "url /api/v1/airport/baggage/client, strResponse {\n    \"data\": {\n    },\n    \"heartbeat\": 0,\n    \"msg\": \"Success\",\n    \"reqId\": \"aa1aadd5da1e439693078c2c9187989a\",\n    \"status\": 0\n}\n"
2021-05-13 16:56:22,637 DEBUG virtual void HttpServerSer::CommonRequstListen(const string&, const string&, std::__cxx11::string&) - "url /api/v1/airport/baggage/client, strRequstBody {\n    \"data\": {\n        \"datetime\": \"\",\n        \"flag\": 0,\n        \"mode\": 0,\n        \"rfid\": \"0001\",\n        \"seq\": 1,\n        \"state\": 1,\n        \"type\": 8,\n        \"weight\": \"00.00\"\n    },\n    \"heartbeat\": 1,\n    \"reqId\": \"50ac3ebc767c4550a0629e3d0a03b73a\"\n}\n"
2021-05-13 16:56:22,637 DEBUG virtual void HttpServerSer::CommonRequstListen(const string&, const string&, std::__cxx11::string&) - "url /api/v1/airport/baggage/client, strResponse {\n    \"data\": {\n    },\n    \"heartbeat\": 1,\n    \"msg\": \"Serial Message Type error\",\n    \"reqId\": \"50ac3ebc767c4550a0629e3d0a03b73a\",\n    \"status\": 205\n}\n"
2021-05-13 16:57:21,233 DEBUG virtual void HttpServerSer::CommonRequstListen(const string&, const string&, std::__cxx11::string&) - "url /api/v1/airport/baggage/client, strRequstBody {\n    \"data\": {\n    },\n    \"heartbeat\": 0,\n    \"reqId\": \"555bd746b54d48fda55e1341ad93bd72\"\n}\n"
2021-05-13 16:57:21,233 DEBUG virtual void HttpServerSer::CommonRequstListen(const string&, const string&, std::__cxx11::string&) - "url /api/v1/airport/baggage/client, strResponse {\n    \"data\": {\n    },\n    \"heartbeat\": 0,\n    \"msg\": \"Success\",\n    \"reqId\": \"555bd746b54d48fda55e1341ad93bd72\",\n    \"status\": 0\n}\n"
2021-05-13 16:59:21,235 DEBUG virtual void HttpServerSer::CommonRequstListen(const string&, const string&, std::__cxx11::string&) - "url /api/v1/airport/baggage/client, strRequstBody {\n    \"data\": {\n    },\n    \"heartbeat\": 0,\n    \"reqId\": \"c6e6456e05ad43198cac522161f669ce\"\n}\n"
2021-05-13 16:59:21,235 DEBUG virtual void HttpServerSer::CommonRequstListen(const string&, const string&, std::__cxx11::string&) - "url /api/v1/airport/baggage/client, strResponse {\n    \"data\": {\n    },\n    \"heartbeat\": 0,\n    \"msg\": \"Success\",\n    \"reqId\": \"c6e6456e05ad43198cac522161f669ce\",\n    \"status\": 0\n}\n"
2021-05-13 16:59:34,635 DEBUG virtual void HttpServerSer::CommonRequstListen(const string&, const string&, std::__cxx11::string&) - "url /api/v1/airport/baggage/client, strRequstBody {\n    \"data\": {\n        \"datetime\": \"\",\n        \"flag\": 0,\n        \"mode\": 0,\n        \"rfid\": \"0001\",\n        \"seq\": 1,\n        \"state\": 1,\n        \"type\": 8,\n        \"weight\": \"00.00\"\n    },\n    \"heartbeat\": 1,\n    \"reqId\": \"35ce550af7f64e7ebc48736deeb0ab92\"\n}\n"
2021-05-13 16:59:34,635 DEBUG virtual void HttpServerSer::CommonRequstListen(const string&, const string&, std::__cxx11::string&) - "url /api/v1/airport/baggage/client, strResponse {\n    \"data\": {\n    },\n    \"heartbeat\": 1,\n    \"msg\": \"Serial Message Type error\",\n    \"reqId\": \"35ce550af7f64e7ebc48736deeb0ab92\",\n    \"status\": 205\n}\n"
2021-05-13 17:01:21,238 DEBUG virtual void HttpServerSer::CommonRequstListen(const string&, const string&, std::__cxx11::string&) - "url /api/v1/airport/baggage/client, strRequstBody {\n    \"data\": {\n    },\n    \"heartbeat\": 0,\n    \"reqId\": \"39de17728ffa4f17a393e654ebf7c348\"\n}\n"
2021-05-13 17:01:21,238 DEBUG virtual void HttpServerSer::CommonRequstListen(const string&, const string&, std::__cxx11::string&) - "url /api/v1/airport/baggage/client, strResponse {\n    \"data\": {\n    },\n    \"heartbeat\": 0,\n    \"msg\": \"Success\",\n    \"reqId\": \"39de17728ffa4f17a393e654ebf7c348\",\n    \"status\": 0\n}\n"
2021-05-13 17:02:26,863 INFO  MainWindow::MainWindow(QWidget*) - "System Version:V1.0.0_EmptySDKV1.0.0_SVN0000_VideoSDKV2.0.0_SVN6906_/home/liuyong/EmptyBoxClient/build-EmptyBoxClient-Desktop_Qt_5_12_6_GCC_64bit-Debug"
2021-05-13 17:02:26,863 INFO  int DetectEmptyBoxSer::Init() - "VideoProcessSer Init[0]->USB-Camera,0,640,480,15,version:2.0.0"
2021-05-13 17:02:26,976 INFO  int VideoProcessSer::OnStartVideo() - "video decode start success，fileName-USB-Camera,0,640,480,15,ID-1"
2021-05-13 17:02:26,977 INFO  MainWindow::MainWindow(QWidget*) - "DetectEmptyBoxSer res:0,version:V1.0.0"
2021-05-13 17:02:26,978 INFO  MainWindow::MainWindow(QWidget*) - "HttpClientSer res:0"
2021-05-13 17:02:26,981 INFO  MainWindow::MainWindow(QWidget*) - "HttpServerSer res:0"
2021-05-13 17:02:27,316 WARN   - QObject::connect: Cannot queue arguments of type 'DevStatDisplay'
(Make sure 'DevStatDisplay' is registered using qRegisterMetaType().)
2021-05-13 17:02:44,431 DEBUG virtual void HttpServerSer::CommonRequstListen(const string&, const string&, std::__cxx11::string&) - "url /api/v1/airport/baggage/client, strRequstBody {\n    \"data\": {\n        \"datetime\": \"\",\n        \"flag\": 0,\n        \"mode\": 0,\n        \"rfid\": \"0001\",\n        \"seq\": 1,\n        \"state\": 1,\n        \"type\": 8,\n        \"weight\": \"00.00\"\n    },\n    \"heartbeat\": 1,\n    \"reqId\": \"fb66db1bd75e49a78ea47a43c682488a\"\n}\n"
2021-05-13 17:02:44,431 WARN   - QObject::connect: Cannot queue arguments of type 'DevStatDisplay'
(Make sure 'DevStatDisplay' is registered using qRegisterMetaType().)
2021-05-13 17:02:44,432 DEBUG virtual void HttpServerSer::CommonRequstListen(const string&, const string&, std::__cxx11::string&) - "url /api/v1/airport/baggage/client, strResponse {\n    \"data\": {\n    },\n    \"heartbeat\": 1,\n    \"msg\": \"Serial Message Type error\",\n    \"reqId\": \"fb66db1bd75e49a78ea47a43c682488a\",\n    \"status\": 205\n}\n"
2021-05-13 17:02:59,358 DEBUG virtual void HttpServerSer::CommonRequstListen(const string&, const string&, std::__cxx11::string&) - "url /api/v1/airport/baggage/client, strRequstBody {\n    \"data\": {\n        \"datetime\": \"\",\n        \"flag\": 0,\n        \"mode\": 0,\n        \"rfid\": \"0001\",\n        \"seq\": 1,\n        \"state\": 1,\n        \"type\": 8,\n        \"weight\": \"00.00\"\n    },\n    \"heartbeat\": 1,\n    \"reqId\": \"e8a2d13e305e45d2a932bc8793ab9905\"\n}\n"
2021-05-13 17:02:59,358 DEBUG virtual void HttpServerSer::CommonRequstListen(const string&, const string&, std::__cxx11::string&) - "url /api/v1/airport/baggage/client, strResponse {\n    \"data\": {\n    },\n    \"heartbeat\": 1,\n    \"msg\": \"Serial Message Type error\",\n    \"reqId\": \"e8a2d13e305e45d2a932bc8793ab9905\",\n    \"status\": 205\n}\n"
2021-05-13 17:03:21,227 DEBUG virtual void HttpServerSer::CommonRequstListen(const string&, const string&, std::__cxx11::string&) - "url /api/v1/airport/baggage/client, strRequstBody {\n    \"data\": {\n    },\n    \"heartbeat\": 0,\n    \"reqId\": \"9a1115e4753e4b24b8b797b9c702a4c0\"\n}\n"
2021-05-13 17:03:21,227 DEBUG virtual void HttpServerSer::CommonRequstListen(const string&, const string&, std::__cxx11::string&) - "url /api/v1/airport/baggage/client, strResponse {\n    \"data\": {\n    },\n    \"heartbeat\": 0,\n    \"msg\": \"Success\",\n    \"reqId\": \"9a1115e4753e4b24b8b797b9c702a4c0\",\n    \"status\": 0\n}\n"
2021-05-13 17:04:07,147 DEBUG virtual void HttpServerSer::CommonRequstListen(const string&, const string&, std::__cxx11::string&) - "url /api/v1/airport/baggage/client, strRequstBody {\n    \"data\": {\n        \"datetime\": \"\",\n        \"flag\": 0,\n        \"mode\": 0,\n        \"rfid\": \"0001\",\n        \"seq\": 1,\n        \"state\": 1,\n        \"type\": 8,\n        \"weight\": \"00.00\"\n    },\n    \"heartbeat\": 1,\n    \"reqId\": \"e8f6486447fb4b9ab3a35df1e8a68e85\"\n}\n"
2021-05-13 17:05:51,082 DEBUG virtual void HttpServerSer::CommonRequstListen(const string&, const string&, std::__cxx11::string&) - "url /api/v1/airport/baggage/client, strResponse {\n    \"data\": {\n    },\n    \"heartbeat\": 1,\n    \"msg\": \"Serial Message Type error\",\n    \"reqId\": \"e8f6486447fb4b9ab3a35df1e8a68e85\",\n    \"status\": 205\n}\n"
2021-05-13 17:05:51,082 DEBUG virtual void HttpServerSer::CommonRequstListen(const string&, const string&, std::__cxx11::string&) - "url /api/v1/airport/baggage/client, strRequstBody {\n    \"data\": {\n    },\n    \"heartbeat\": 0,\n    \"reqId\": \"1070432ac9d2457eb5ebd9ae65235fb3\"\n}\n"
2021-05-13 17:05:52,356 DEBUG virtual void HttpServerSer::CommonRequstListen(const string&, const string&, std::__cxx11::string&) - "url /api/v1/airport/baggage/client, strResponse {\n    \"data\": {\n    },\n    \"heartbeat\": 0,\n    \"msg\": \"Success\",\n    \"reqId\": \"1070432ac9d2457eb5ebd9ae65235fb3\",\n    \"status\": 0\n}\n"
2021-05-13 17:06:21,036 ERROR void VideoProcessSer::TestVideoOnline() - "VideoId:1 pulled out!"
2021-05-13 17:06:21,168 INFO  int VideoProcessSer::OnStartVideo() - "video decode start success，fileName-USB-Camera,0,640,480,15,ID-2"
2021-05-13 17:07:21,220 DEBUG virtual void HttpServerSer::CommonRequstListen(const string&, const string&, std::__cxx11::string&) - "url /api/v1/airport/baggage/client, strRequstBody {\n    \"data\": {\n    },\n    \"heartbeat\": 0,\n    \"reqId\": \"7c2617cbb4c44903922294f0a038b5dd\"\n}\n"
2021-05-13 17:07:21,220 DEBUG virtual void HttpServerSer::CommonRequstListen(const string&, const string&, std::__cxx11::string&) - "url /api/v1/airport/baggage/client, strResponse {\n    \"data\": {\n    },\n    \"heartbeat\": 0,\n    \"msg\": \"Success\",\n    \"reqId\": \"7c2617cbb4c44903922294f0a038b5dd\",\n    \"status\": 0\n}\n"
2021-05-13 17:07:27,131 DEBUG virtual void HttpServerSer::CommonRequstListen(const string&, const string&, std::__cxx11::string&) - "url /api/v1/airport/baggage/client, strRequstBody {\n  \"reqId\": \"3bB713ceCDfF3fB46BDFFE7a6Ed\",\n  \"heartbeat\": 0,\n  \"data\": {\n  \t\"seq\": 1,\n    \"type\": 8,\n    \"rfid\": \"0001\",\n    \"flag\": 0,\n    \"state\": 0,\n    \"datetime\": \"20200612172325567\",\n    \"weight\": \"00.00\",\n    \"mode\": 0\n  }\n}"
2021-05-13 17:07:27,131 DEBUG virtual void HttpServerSer::CommonRequstListen(const string&, const string&, std::__cxx11::string&) - "url /api/v1/airport/baggage/client, strResponse {\n    \"data\": {\n    },\n    \"heartbeat\": 0,\n    \"msg\": \"Success\",\n    \"reqId\": \"3bB713ceCDfF3fB46BDFFE7a6Ed\",\n    \"status\": 0\n}\n"
2021-05-13 17:07:33,875 DEBUG virtual void HttpServerSer::CommonRequstListen(const string&, const string&, std::__cxx11::string&) - "url /api/v1/airport/baggage/client, strRequstBody {\n  \"reqId\": \"3bB713ceCDfF3fB46BDFFE7a6Ed\",\n  \"heartbeat\":1,\n  \"data\": {\n  \t\"seq\": 1,\n    \"type\": 8,\n    \"rfid\": \"0001\",\n    \"flag\": 0,\n    \"state\": 0,\n    \"datetime\": \"20200612172325567\",\n    \"weight\": \"00.00\",\n    \"mode\": 0\n  }\n}"
2021-05-13 17:07:33,875 DEBUG virtual void HttpServerSer::CommonRequstListen(const string&, const string&, std::__cxx11::string&) - "url /api/v1/airport/baggage/client, strResponse {\n    \"data\": {\n    },\n    \"heartbeat\": 1,\n    \"msg\": \"Serial Message Type error\",\n    \"reqId\": \"3bB713ceCDfF3fB46BDFFE7a6Ed\",\n    \"status\": 205\n}\n"
2021-05-13 17:09:21,228 DEBUG virtual void HttpServerSer::CommonRequstListen(const string&, const string&, std::__cxx11::string&) - "url /api/v1/airport/baggage/client, strRequstBody {\n    \"data\": {\n    },\n    \"heartbeat\": 0,\n    \"reqId\": \"8ed08d3587bb471aab4886c3ca201a20\"\n}\n"
2021-05-13 17:09:21,229 DEBUG virtual void HttpServerSer::CommonRequstListen(const string&, const string&, std::__cxx11::string&) - "url /api/v1/airport/baggage/client, strResponse {\n    \"data\": {\n    },\n    \"heartbeat\": 0,\n    \"msg\": \"Success\",\n    \"reqId\": \"8ed08d3587bb471aab4886c3ca201a20\",\n    \"status\": 0\n}\n"
